
**** Build of configuration Debug for project SRV_Projekat ****

"C:\\ti\\ccs1110\\ccs\\utils\\bin\\gmake" -k -j 8 all -O 
 
Building file: "../ETF5529_HAL/hal_led.c"
Invoking: MSP430 Compiler
"C:/ti/ccs1110/ccs/tools/compiler/ti-cgt-msp430_21.6.0.LTS/bin/cl430" -vmspx --data_model=restricted --use_hw_mpy=F5 --include_path="C:/ti/ccs1110/ccs/ccs_base/msp430/include" --include_path="C:/Users/Mladen/Documents/github/srv-projekat/SRV_Projekat" --include_path="C:/Users/Mladen/Documents/github/srv-projekat/SRV_Projekat/drivers" --include_path="C:/Users/Mladen/Documents/github/srv-projekat/SRV_Projekat/FreeRTOS_source/include" --include_path="C:/Users/Mladen/Documents/github/srv-projekat/SRV_Projekat/FreeRTOS_source/portable/CCS/MSP430X" --include_path="C:/Users/Mladen/Documents/github/srv-projekat/SRV_Projekat" --include_path="C:/Users/Mladen/Documents/github/srv-projekat/SRV_Projekat/drivers/MSP430F5xx_6xx" --include_path="C:/ti/ccs1110/ccs/tools/compiler/ti-cgt-msp430_21.6.0.LTS/include" --advice:power="all" --define=__MSP430F5529__ -g --printf_support=minimal --diag_warning=225 --diag_wrap=off --display_error_number --silicon_errata=CPU21 --silicon_errata=CPU22 --silicon_errata=CPU23 --silicon_errata=CPU40 --preproc_with_compile --preproc_dependency="ETF5529_HAL/hal_led.d_raw" --obj_directory="ETF5529_HAL"  "../ETF5529_HAL/hal_led.c"
Finished building: "../ETF5529_HAL/hal_led.c"
 
Building file: "../util.c"
Invoking: MSP430 Compiler
"C:/ti/ccs1110/ccs/tools/compiler/ti-cgt-msp430_21.6.0.LTS/bin/cl430" -vmspx --data_model=restricted --use_hw_mpy=F5 --include_path="C:/ti/ccs1110/ccs/ccs_base/msp430/include" --include_path="C:/Users/Mladen/Documents/github/srv-projekat/SRV_Projekat" --include_path="C:/Users/Mladen/Documents/github/srv-projekat/SRV_Projekat/drivers" --include_path="C:/Users/Mladen/Documents/github/srv-projekat/SRV_Projekat/FreeRTOS_source/include" --include_path="C:/Users/Mladen/Documents/github/srv-projekat/SRV_Projekat/FreeRTOS_source/portable/CCS/MSP430X" --include_path="C:/Users/Mladen/Documents/github/srv-projekat/SRV_Projekat" --include_path="C:/Users/Mladen/Documents/github/srv-projekat/SRV_Projekat/drivers/MSP430F5xx_6xx" --include_path="C:/ti/ccs1110/ccs/tools/compiler/ti-cgt-msp430_21.6.0.LTS/include" --advice:power="all" --define=__MSP430F5529__ -g --printf_support=minimal --diag_warning=225 --diag_wrap=off --display_error_number --silicon_errata=CPU21 --silicon_errata=CPU22 --silicon_errata=CPU23 --silicon_errata=CPU40 --preproc_with_compile --preproc_dependency="util.d_raw"  "../util.c"
Finished building: "../util.c"
 
Building file: "../ETF5529_HAL/hal_board.c"
Invoking: MSP430 Compiler
"C:/ti/ccs1110/ccs/tools/compiler/ti-cgt-msp430_21.6.0.LTS/bin/cl430" -vmspx --data_model=restricted --use_hw_mpy=F5 --include_path="C:/ti/ccs1110/ccs/ccs_base/msp430/include" --include_path="C:/Users/Mladen/Documents/github/srv-projekat/SRV_Projekat" --include_path="C:/Users/Mladen/Documents/github/srv-projekat/SRV_Projekat/drivers" --include_path="C:/Users/Mladen/Documents/github/srv-projekat/SRV_Projekat/FreeRTOS_source/include" --include_path="C:/Users/Mladen/Documents/github/srv-projekat/SRV_Projekat/FreeRTOS_source/portable/CCS/MSP430X" --include_path="C:/Users/Mladen/Documents/github/srv-projekat/SRV_Projekat" --include_path="C:/Users/Mladen/Documents/github/srv-projekat/SRV_Projekat/drivers/MSP430F5xx_6xx" --include_path="C:/ti/ccs1110/ccs/tools/compiler/ti-cgt-msp430_21.6.0.LTS/include" --advice:power="all" --define=__MSP430F5529__ -g --printf_support=minimal --diag_warning=225 --diag_wrap=off --display_error_number --silicon_errata=CPU21 --silicon_errata=CPU22 --silicon_errata=CPU23 --silicon_errata=CPU40 --preproc_with_compile --preproc_dependency="ETF5529_HAL/hal_board.d_raw" --obj_directory="ETF5529_HAL"  "../ETF5529_HAL/hal_board.c"
"../ETF5529_HAL/hal_board.c", line 46: remark #1530-D: (ULP 5.1) Detected divide operation(s). Recommend moving them to RAM during run time or not using as these are processing/power intensive
"../ETF5529_HAL/hal_board.c", line 73: remark #1530-D: (ULP 5.1) Detected divide operation(s). Recommend moving them to RAM during run time or not using as these are processing/power intensive
Finished building: "../ETF5529_HAL/hal_board.c"
 
Building file: "../ETF5529_HAL/hal_7seg.c"
Invoking: MSP430 Compiler
"C:/ti/ccs1110/ccs/tools/compiler/ti-cgt-msp430_21.6.0.LTS/bin/cl430" -vmspx --data_model=restricted --use_hw_mpy=F5 --include_path="C:/ti/ccs1110/ccs/ccs_base/msp430/include" --include_path="C:/Users/Mladen/Documents/github/srv-projekat/SRV_Projekat" --include_path="C:/Users/Mladen/Documents/github/srv-projekat/SRV_Projekat/drivers" --include_path="C:/Users/Mladen/Documents/github/srv-projekat/SRV_Projekat/FreeRTOS_source/include" --include_path="C:/Users/Mladen/Documents/github/srv-projekat/SRV_Projekat/FreeRTOS_source/portable/CCS/MSP430X" --include_path="C:/Users/Mladen/Documents/github/srv-projekat/SRV_Projekat" --include_path="C:/Users/Mladen/Documents/github/srv-projekat/SRV_Projekat/drivers/MSP430F5xx_6xx" --include_path="C:/ti/ccs1110/ccs/tools/compiler/ti-cgt-msp430_21.6.0.LTS/include" --advice:power="all" --define=__MSP430F5529__ -g --printf_support=minimal --diag_warning=225 --diag_wrap=off --display_error_number --silicon_errata=CPU21 --silicon_errata=CPU22 --silicon_errata=CPU23 --silicon_errata=CPU40 --preproc_with_compile --preproc_dependency="ETF5529_HAL/hal_7seg.d_raw" --obj_directory="ETF5529_HAL"  "../ETF5529_HAL/hal_7seg.c"
Finished building: "../ETF5529_HAL/hal_7seg.c"
 
Building file: "../main.c"
Invoking: MSP430 Compiler
"C:/ti/ccs1110/ccs/tools/compiler/ti-cgt-msp430_21.6.0.LTS/bin/cl430" -vmspx --data_model=restricted --use_hw_mpy=F5 --include_path="C:/ti/ccs1110/ccs/ccs_base/msp430/include" --include_path="C:/Users/Mladen/Documents/github/srv-projekat/SRV_Projekat" --include_path="C:/Users/Mladen/Documents/github/srv-projekat/SRV_Projekat/drivers" --include_path="C:/Users/Mladen/Documents/github/srv-projekat/SRV_Projekat/FreeRTOS_source/include" --include_path="C:/Users/Mladen/Documents/github/srv-projekat/SRV_Projekat/FreeRTOS_source/portable/CCS/MSP430X" --include_path="C:/Users/Mladen/Documents/github/srv-projekat/SRV_Projekat" --include_path="C:/Users/Mladen/Documents/github/srv-projekat/SRV_Projekat/drivers/MSP430F5xx_6xx" --include_path="C:/ti/ccs1110/ccs/tools/compiler/ti-cgt-msp430_21.6.0.LTS/include" --advice:power="all" --define=__MSP430F5529__ -g --printf_support=minimal --diag_warning=225 --diag_wrap=off --display_error_number --silicon_errata=CPU21 --silicon_errata=CPU22 --silicon_errata=CPU23 --silicon_errata=CPU40 --preproc_with_compile --preproc_dependency="main.d_raw"  "../main.c"
"../main.c", line 129: remark #1540-D: (ULP 11.2) Assignment of higher bits (constants) to "PCOUT_H" within a loop. Recommend using lower 4 bits to allow use of constant generators
"../main.c", line 165: remark #1544-D: (ULP 13.1) Detected loop counting up. Recommend loops count down as detecting zeros is easier
"../main.c", line 186: remark #1544-D: (ULP 13.1) Detected loop counting up. Recommend loops count down as detecting zeros is easier
"../main.c", line 363: remark #1546-D: (ULP 15.1) Detected consecutive bitfield assigns. Recommend using bit mask instead
"../main.c", line 365: remark #1538-D: (ULP 10.1) ISR vADC12ISR calls function xQueueGenericSendFromISR. Recommend moving function call away from ISR, or inlining the function, or using pragmas
"../main.c", line 370: remark #1546-D: (ULP 15.1) Detected consecutive bitfield assigns. Recommend using bit mask instead
"../main.c", line 372: remark #1538-D: (ULP 10.1) ISR vADC12ISR calls function xQueueGenericSendFromISR. Recommend moving function call away from ISR, or inlining the function, or using pragmas
"../main.c", line 389: remark #1538-D: (ULP 10.1) ISR vUARTISR calls function xTimerPendFunctionCallFromISR. Recommend moving function call away from ISR, or inlining the function, or using pragmas
"../main.c", line 394: remark #1538-D: (ULP 10.1) ISR vUARTISR calls function xTimerPendFunctionCallFromISR. Recommend moving function call away from ISR, or inlining the function, or using pragmas
"../main.c", line 400: remark #1538-D: (ULP 10.1) ISR vUARTISR calls function vPortYield. Recommend moving function call away from ISR, or inlining the function, or using pragmas
Finished building: "../main.c"
 
Building file: "../FreeRTOS_source/list.c"
Invoking: MSP430 Compiler
"C:/ti/ccs1110/ccs/tools/compiler/ti-cgt-msp430_21.6.0.LTS/bin/cl430" -vmspx --data_model=restricted --use_hw_mpy=F5 --include_path="C:/ti/ccs1110/ccs/ccs_base/msp430/include" --include_path="C:/Users/Mladen/Documents/github/srv-projekat/SRV_Projekat" --include_path="C:/Users/Mladen/Documents/github/srv-projekat/SRV_Projekat/drivers" --include_path="C:/Users/Mladen/Documents/github/srv-projekat/SRV_Projekat/FreeRTOS_source/include" --include_path="C:/Users/Mladen/Documents/github/srv-projekat/SRV_Projekat/FreeRTOS_source/portable/CCS/MSP430X" --include_path="C:/Users/Mladen/Documents/github/srv-projekat/SRV_Projekat" --include_path="C:/Users/Mladen/Documents/github/srv-projekat/SRV_Projekat/drivers/MSP430F5xx_6xx" --include_path="C:/ti/ccs1110/ccs/tools/compiler/ti-cgt-msp430_21.6.0.LTS/include" --advice:power="all" --define=__MSP430F5529__ -g --printf_support=minimal --diag_warning=225 --diag_wrap=off --display_error_number --silicon_errata=CPU21 --silicon_errata=CPU22 --silicon_errata=CPU23 --silicon_errata=CPU40 --preproc_with_compile --preproc_dependency="FreeRTOS_source/list.d_raw" --obj_directory="FreeRTOS_source"  "../FreeRTOS_source/list.c"
"../FreeRTOS_source/list.c", line 150: remark #1527-D: (ULP 2.1) Detected SW delay loop using empty loop. Recommend using a timer module instead
Finished building: "../FreeRTOS_source/list.c"
 
Building file: "../FreeRTOS_source/event_groups.c"
Invoking: MSP430 Compiler
"C:/ti/ccs1110/ccs/tools/compiler/ti-cgt-msp430_21.6.0.LTS/bin/cl430" -vmspx --data_model=restricted --use_hw_mpy=F5 --include_path="C:/ti/ccs1110/ccs/ccs_base/msp430/include" --include_path="C:/Users/Mladen/Documents/github/srv-projekat/SRV_Projekat" --include_path="C:/Users/Mladen/Documents/github/srv-projekat/SRV_Projekat/drivers" --include_path="C:/Users/Mladen/Documents/github/srv-projekat/SRV_Projekat/FreeRTOS_source/include" --include_path="C:/Users/Mladen/Documents/github/srv-projekat/SRV_Projekat/FreeRTOS_source/portable/CCS/MSP430X" --include_path="C:/Users/Mladen/Documents/github/srv-projekat/SRV_Projekat" --include_path="C:/Users/Mladen/Documents/github/srv-projekat/SRV_Projekat/drivers/MSP430F5xx_6xx" --include_path="C:/ti/ccs1110/ccs/tools/compiler/ti-cgt-msp430_21.6.0.LTS/include" --advice:power="all" --define=__MSP430F5529__ -g --printf_support=minimal --diag_warning=225 --diag_wrap=off --display_error_number --silicon_errata=CPU21 --silicon_errata=CPU22 --silicon_errata=CPU23 --silicon_errata=CPU40 --preproc_with_compile --preproc_dependency="FreeRTOS_source/event_groups.d_raw" --obj_directory="FreeRTOS_source"  "../FreeRTOS_source/event_groups.c"
"../FreeRTOS_source/event_groups.c", line 505: remark #1535-D: (ULP 8.1) variable "uxSavedInterruptStatus" is used as a constant. Recommend declaring variable as either 'static const' or 'const'
Finished building: "../FreeRTOS_source/event_groups.c"
 
Building file: "../FreeRTOS_source/portable/CCS/MSP430X/portext.asm"
Invoking: MSP430 Compiler
"C:/ti/ccs1110/ccs/tools/compiler/ti-cgt-msp430_21.6.0.LTS/bin/cl430" -vmspx --data_model=restricted --use_hw_mpy=F5 --include_path="C:/ti/ccs1110/ccs/ccs_base/msp430/include" --include_path="C:/Users/Mladen/Documents/github/srv-projekat/SRV_Projekat" --include_path="C:/Users/Mladen/Documents/github/srv-projekat/SRV_Projekat/drivers" --include_path="C:/Users/Mladen/Documents/github/srv-projekat/SRV_Projekat/FreeRTOS_source/include" --include_path="C:/Users/Mladen/Documents/github/srv-projekat/SRV_Projekat/FreeRTOS_source/portable/CCS/MSP430X" --include_path="C:/Users/Mladen/Documents/github/srv-projekat/SRV_Projekat" --include_path="C:/Users/Mladen/Documents/github/srv-projekat/SRV_Projekat/drivers/MSP430F5xx_6xx" --include_path="C:/ti/ccs1110/ccs/tools/compiler/ti-cgt-msp430_21.6.0.LTS/include" --advice:power="all" --define=__MSP430F5529__ -g --printf_support=minimal --diag_warning=225 --diag_wrap=off --display_error_number --silicon_errata=CPU21 --silicon_errata=CPU22 --silicon_errata=CPU23 --silicon_errata=CPU40 --preproc_with_compile --preproc_dependency="FreeRTOS_source/portable/CCS/MSP430X/portext.d_raw" --obj_directory="FreeRTOS_source/portable/CCS/MSP430X"  "../FreeRTOS_source/portable/CCS/MSP430X/portext.asm"
Finished building: "../FreeRTOS_source/portable/CCS/MSP430X/portext.asm"
 
Building file: "../FreeRTOS_source/portable/CCS/MSP430X/port.c"
Invoking: MSP430 Compiler
"C:/ti/ccs1110/ccs/tools/compiler/ti-cgt-msp430_21.6.0.LTS/bin/cl430" -vmspx --data_model=restricted --use_hw_mpy=F5 --include_path="C:/ti/ccs1110/ccs/ccs_base/msp430/include" --include_path="C:/Users/Mladen/Documents/github/srv-projekat/SRV_Projekat" --include_path="C:/Users/Mladen/Documents/github/srv-projekat/SRV_Projekat/drivers" --include_path="C:/Users/Mladen/Documents/github/srv-projekat/SRV_Projekat/FreeRTOS_source/include" --include_path="C:/Users/Mladen/Documents/github/srv-projekat/SRV_Projekat/FreeRTOS_source/portable/CCS/MSP430X" --include_path="C:/Users/Mladen/Documents/github/srv-projekat/SRV_Projekat" --include_path="C:/Users/Mladen/Documents/github/srv-projekat/SRV_Projekat/drivers/MSP430F5xx_6xx" --include_path="C:/ti/ccs1110/ccs/tools/compiler/ti-cgt-msp430_21.6.0.LTS/include" --advice:power="all" --define=__MSP430F5529__ -g --printf_support=minimal --diag_warning=225 --diag_wrap=off --display_error_number --silicon_errata=CPU21 --silicon_errata=CPU22 --silicon_errata=CPU23 --silicon_errata=CPU40 --preproc_with_compile --preproc_dependency="FreeRTOS_source/portable/CCS/MSP430X/port.d_raw" --obj_directory="FreeRTOS_source/portable/CCS/MSP430X"  "../FreeRTOS_source/portable/CCS/MSP430X/port.c"
"../FreeRTOS_source/portable/CCS/MSP430X/port.c", line 180: remark #1538-D: (ULP 10.1) ISR vTickISREntry calls function vPortPreemptiveTickISR. Recommend moving function call away from ISR, or inlining the function, or using pragmas
Finished building: "../FreeRTOS_source/portable/CCS/MSP430X/port.c"
 
Building file: "../FreeRTOS_source/portable/MemMang/heap_1.c"
Invoking: MSP430 Compiler
"C:/ti/ccs1110/ccs/tools/compiler/ti-cgt-msp430_21.6.0.LTS/bin/cl430" -vmspx --data_model=restricted --use_hw_mpy=F5 --include_path="C:/ti/ccs1110/ccs/ccs_base/msp430/include" --include_path="C:/Users/Mladen/Documents/github/srv-projekat/SRV_Projekat" --include_path="C:/Users/Mladen/Documents/github/srv-projekat/SRV_Projekat/drivers" --include_path="C:/Users/Mladen/Documents/github/srv-projekat/SRV_Projekat/FreeRTOS_source/include" --include_path="C:/Users/Mladen/Documents/github/srv-projekat/SRV_Projekat/FreeRTOS_source/portable/CCS/MSP430X" --include_path="C:/Users/Mladen/Documents/github/srv-projekat/SRV_Projekat" --include_path="C:/Users/Mladen/Documents/github/srv-projekat/SRV_Projekat/drivers/MSP430F5xx_6xx" --include_path="C:/ti/ccs1110/ccs/tools/compiler/ti-cgt-msp430_21.6.0.LTS/include" --advice:power="all" --define=__MSP430F5529__ -g --printf_support=minimal --diag_warning=225 --diag_wrap=off --display_error_number --silicon_errata=CPU21 --silicon_errata=CPU22 --silicon_errata=CPU23 --silicon_errata=CPU40 --preproc_with_compile --preproc_dependency="FreeRTOS_source/portable/MemMang/heap_1.d_raw" --obj_directory="FreeRTOS_source/portable/MemMang"  "../FreeRTOS_source/portable/MemMang/heap_1.c"
Finished building: "../FreeRTOS_source/portable/MemMang/heap_1.c"
 
Building file: "../FreeRTOS_source/queue.c"
Invoking: MSP430 Compiler
"C:/ti/ccs1110/ccs/tools/compiler/ti-cgt-msp430_21.6.0.LTS/bin/cl430" -vmspx --data_model=restricted --use_hw_mpy=F5 --include_path="C:/ti/ccs1110/ccs/ccs_base/msp430/include" --include_path="C:/Users/Mladen/Documents/github/srv-projekat/SRV_Projekat" --include_path="C:/Users/Mladen/Documents/github/srv-projekat/SRV_Projekat/drivers" --include_path="C:/Users/Mladen/Documents/github/srv-projekat/SRV_Projekat/FreeRTOS_source/include" --include_path="C:/Users/Mladen/Documents/github/srv-projekat/SRV_Projekat/FreeRTOS_source/portable/CCS/MSP430X" --include_path="C:/Users/Mladen/Documents/github/srv-projekat/SRV_Projekat" --include_path="C:/Users/Mladen/Documents/github/srv-projekat/SRV_Projekat/drivers/MSP430F5xx_6xx" --include_path="C:/ti/ccs1110/ccs/tools/compiler/ti-cgt-msp430_21.6.0.LTS/include" --advice:power="all" --define=__MSP430F5529__ -g --printf_support=minimal --diag_warning=225 --diag_wrap=off --display_error_number --silicon_errata=CPU21 --silicon_errata=CPU22 --silicon_errata=CPU23 --silicon_errata=CPU40 --preproc_with_compile --preproc_dependency="FreeRTOS_source/queue.d_raw" --obj_directory="FreeRTOS_source"  "../FreeRTOS_source/queue.c"
"../FreeRTOS_source/queue.c", line 960: remark #1535-D: (ULP 8.1) variable "uxSavedInterruptStatus" is used as a constant. Recommend declaring variable as either 'static const' or 'const'
"../FreeRTOS_source/queue.c", line 1111: remark #1535-D: (ULP 8.1) variable "uxSavedInterruptStatus" is used as a constant. Recommend declaring variable as either 'static const' or 'const'
"../FreeRTOS_source/queue.c", line 1784: remark #1535-D: (ULP 8.1) variable "uxSavedInterruptStatus" is used as a constant. Recommend declaring variable as either 'static const' or 'const'
"../FreeRTOS_source/queue.c", line 1875: remark #1535-D: (ULP 8.1) variable "uxSavedInterruptStatus" is used as a constant. Recommend declaring variable as either 'static const' or 'const'
"../FreeRTOS_source/queue.c", line 2098: remark #1542-D: (ULP 12.1) Detected memcpy() and recommend using DMA instead if greater than 100 words being transferred
"../FreeRTOS_source/queue.c", line 2111: remark #1542-D: (ULP 12.1) Detected memcpy() and recommend using DMA instead if greater than 100 words being transferred
"../FreeRTOS_source/queue.c", line 2162: remark #1542-D: (ULP 12.1) Detected memcpy() and recommend using DMA instead if greater than 100 words being transferred
Finished building: "../FreeRTOS_source/queue.c"
 
Building file: "../FreeRTOS_source/timers.c"
Invoking: MSP430 Compiler
"C:/ti/ccs1110/ccs/tools/compiler/ti-cgt-msp430_21.6.0.LTS/bin/cl430" -vmspx --data_model=restricted --use_hw_mpy=F5 --include_path="C:/ti/ccs1110/ccs/ccs_base/msp430/include" --include_path="C:/Users/Mladen/Documents/github/srv-projekat/SRV_Projekat" --include_path="C:/Users/Mladen/Documents/github/srv-projekat/SRV_Projekat/drivers" --include_path="C:/Users/Mladen/Documents/github/srv-projekat/SRV_Projekat/FreeRTOS_source/include" --include_path="C:/Users/Mladen/Documents/github/srv-projekat/SRV_Projekat/FreeRTOS_source/portable/CCS/MSP430X" --include_path="C:/Users/Mladen/Documents/github/srv-projekat/SRV_Projekat" --include_path="C:/Users/Mladen/Documents/github/srv-projekat/SRV_Projekat/drivers/MSP430F5xx_6xx" --include_path="C:/ti/ccs1110/ccs/tools/compiler/ti-cgt-msp430_21.6.0.LTS/include" --advice:power="all" --define=__MSP430F5529__ -g --printf_support=minimal --diag_warning=225 --diag_wrap=off --display_error_number --silicon_errata=CPU21 --silicon_errata=CPU22 --silicon_errata=CPU23 --silicon_errata=CPU40 --preproc_with_compile --preproc_dependency="FreeRTOS_source/timers.d_raw" --obj_directory="FreeRTOS_source"  "../FreeRTOS_source/timers.c"
"../FreeRTOS_source/timers.c", line 135: remark #1534-D: (ULP 7.1) Detected use of global variable "xActiveTimerList1" within one function "prvCheckForValidListAndQueue". Recommend placing variable in the function locally
"../FreeRTOS_source/timers.c", line 136: remark #1534-D: (ULP 7.1) Detected use of global variable "xActiveTimerList2" within one function "prvCheckForValidListAndQueue". Recommend placing variable in the function locally
Finished building: "../FreeRTOS_source/timers.c"
 
Building file: "../drivers/MSP430F5xx_6xx/pmm.c"
Invoking: MSP430 Compiler
"C:/ti/ccs1110/ccs/tools/compiler/ti-cgt-msp430_21.6.0.LTS/bin/cl430" -vmspx --data_model=restricted --use_hw_mpy=F5 --include_path="C:/ti/ccs1110/ccs/ccs_base/msp430/include" --include_path="C:/Users/Mladen/Documents/github/srv-projekat/SRV_Projekat" --include_path="C:/Users/Mladen/Documents/github/srv-projekat/SRV_Projekat/drivers" --include_path="C:/Users/Mladen/Documents/github/srv-projekat/SRV_Projekat/FreeRTOS_source/include" --include_path="C:/Users/Mladen/Documents/github/srv-projekat/SRV_Projekat/FreeRTOS_source/portable/CCS/MSP430X" --include_path="C:/Users/Mladen/Documents/github/srv-projekat/SRV_Projekat" --include_path="C:/Users/Mladen/Documents/github/srv-projekat/SRV_Projekat/drivers/MSP430F5xx_6xx" --include_path="C:/ti/ccs1110/ccs/tools/compiler/ti-cgt-msp430_21.6.0.LTS/include" --advice:power="all" --define=__MSP430F5529__ -g --printf_support=minimal --diag_warning=225 --diag_wrap=off --display_error_number --silicon_errata=CPU21 --silicon_errata=CPU22 --silicon_errata=CPU23 --silicon_errata=CPU40 --preproc_with_compile --preproc_dependency="drivers/MSP430F5xx_6xx/pmm.d_raw" --obj_directory="drivers/MSP430F5xx_6xx"  "../drivers/MSP430F5xx_6xx/pmm.c"
"../drivers/MSP430F5xx_6xx/pmm.c", line 275: remark #1528-D: (ULP 3.1) Detected flag polling using SVSMHDLYIFG. Recommend using an interrupt combined with enter LPMx and ISR
"../drivers/MSP430F5xx_6xx/pmm.c", line 288: remark #1528-D: (ULP 3.1) Detected flag polling using SVSMHDLYIFG. Recommend using an interrupt combined with enter LPMx and ISR
"../drivers/MSP430F5xx_6xx/pmm.c", line 310: remark #1528-D: (ULP 3.1) Detected flag polling using SVSMHDLYIFG. Recommend using an interrupt combined with enter LPMx and ISR
"../drivers/MSP430F5xx_6xx/pmm.c", line 323: remark #1528-D: (ULP 3.1) Detected flag polling using SVSMLDLYIFG. Recommend using an interrupt combined with enter LPMx and ISR
"../drivers/MSP430F5xx_6xx/pmm.c", line 358: remark #1528-D: (ULP 3.1) Detected flag polling using SVSMHDLYIFG. Recommend using an interrupt combined with enter LPMx and ISR
"../drivers/MSP430F5xx_6xx/pmm.c", line 409: remark #1528-D: (ULP 3.1) Detected flag polling using SVSMLDLYIFG. Recommend using an interrupt combined with enter LPMx and ISR
"../drivers/MSP430F5xx_6xx/pmm.c", line 446: remark #1528-D: (ULP 3.1) Detected flag polling using SVSMHDLYIFG. Recommend using an interrupt combined with enter LPMx and ISR
Finished building: "../drivers/MSP430F5xx_6xx/pmm.c"
 
Building file: "../drivers/MSP430F5xx_6xx/ucs.c"
Invoking: MSP430 Compiler
"C:/ti/ccs1110/ccs/tools/compiler/ti-cgt-msp430_21.6.0.LTS/bin/cl430" -vmspx --data_model=restricted --use_hw_mpy=F5 --include_path="C:/ti/ccs1110/ccs/ccs_base/msp430/include" --include_path="C:/Users/Mladen/Documents/github/srv-projekat/SRV_Projekat" --include_path="C:/Users/Mladen/Documents/github/srv-projekat/SRV_Projekat/drivers" --include_path="C:/Users/Mladen/Documents/github/srv-projekat/SRV_Projekat/FreeRTOS_source/include" --include_path="C:/Users/Mladen/Documents/github/srv-projekat/SRV_Projekat/FreeRTOS_source/portable/CCS/MSP430X" --include_path="C:/Users/Mladen/Documents/github/srv-projekat/SRV_Projekat" --include_path="C:/Users/Mladen/Documents/github/srv-projekat/SRV_Projekat/drivers/MSP430F5xx_6xx" --include_path="C:/ti/ccs1110/ccs/tools/compiler/ti-cgt-msp430_21.6.0.LTS/include" --advice:power="all" --define=__MSP430F5529__ -g --printf_support=minimal --diag_warning=225 --diag_wrap=off --display_error_number --silicon_errata=CPU21 --silicon_errata=CPU22 --silicon_errata=CPU23 --silicon_errata=CPU40 --preproc_with_compile --preproc_dependency="drivers/MSP430F5xx_6xx/ucs.d_raw" --obj_directory="drivers/MSP430F5xx_6xx"  "../drivers/MSP430F5xx_6xx/ucs.c"
"../drivers/MSP430F5xx_6xx/ucs.c", line 140: remark #1530-D: (ULP 5.1) Detected divide operation(s). Recommend moving them to RAM during run time or not using as these are processing/power intensive
"../drivers/MSP430F5xx_6xx/ucs.c", line 146: remark #1544-D: (ULP 13.1) Detected loop counting up. Recommend loops count down as detecting zeros is easier
"../drivers/MSP430F5xx_6xx/ucs.c", line 163: remark #1544-D: (ULP 13.1) Detected loop counting up. Recommend loops count down as detecting zeros is easier
"../drivers/MSP430F5xx_6xx/ucs.c", line 169: remark #1530-D: (ULP 5.1) Detected divide operation(s). Recommend moving them to RAM during run time or not using as these are processing/power intensive
"../drivers/MSP430F5xx_6xx/ucs.c", line 198: remark #1530-D: (ULP 5.1) Detected divide operation(s). Recommend moving them to RAM during run time or not using as these are processing/power intensive
"../drivers/MSP430F5xx_6xx/ucs.c", line 202: remark #1530-D: (ULP 5.1) Detected divide operation(s). Recommend moving them to RAM during run time or not using as these are processing/power intensive
"../drivers/MSP430F5xx_6xx/ucs.c", line 206: remark #1530-D: (ULP 5.1) Detected divide operation(s). Recommend moving them to RAM during run time or not using as these are processing/power intensive
"../drivers/MSP430F5xx_6xx/ucs.c", line 223: remark #1530-D: (ULP 5.1) Detected divide operation(s). Recommend moving them to RAM during run time or not using as these are processing/power intensive
Finished building: "../drivers/MSP430F5xx_6xx/ucs.c"
 
Building file: "../FreeRTOS_source/tasks.c"
Invoking: MSP430 Compiler
"C:/ti/ccs1110/ccs/tools/compiler/ti-cgt-msp430_21.6.0.LTS/bin/cl430" -vmspx --data_model=restricted --use_hw_mpy=F5 --include_path="C:/ti/ccs1110/ccs/ccs_base/msp430/include" --include_path="C:/Users/Mladen/Documents/github/srv-projekat/SRV_Projekat" --include_path="C:/Users/Mladen/Documents/github/srv-projekat/SRV_Projekat/drivers" --include_path="C:/Users/Mladen/Documents/github/srv-projekat/SRV_Projekat/FreeRTOS_source/include" --include_path="C:/Users/Mladen/Documents/github/srv-projekat/SRV_Projekat/FreeRTOS_source/portable/CCS/MSP430X" --include_path="C:/Users/Mladen/Documents/github/srv-projekat/SRV_Projekat" --include_path="C:/Users/Mladen/Documents/github/srv-projekat/SRV_Projekat/drivers/MSP430F5xx_6xx" --include_path="C:/ti/ccs1110/ccs/tools/compiler/ti-cgt-msp430_21.6.0.LTS/include" --advice:power="all" --define=__MSP430F5529__ -g --printf_support=minimal --diag_warning=225 --diag_wrap=off --display_error_number --silicon_errata=CPU21 --silicon_errata=CPU22 --silicon_errata=CPU23 --silicon_errata=CPU40 --preproc_with_compile --preproc_dependency="FreeRTOS_source/tasks.d_raw" --obj_directory="FreeRTOS_source"  "../FreeRTOS_source/tasks.c"
"../FreeRTOS_source/tasks.c", line 891: remark #1544-D: (ULP 13.1) Detected loop counting up. Recommend loops count down as detecting zeros is easier
"../FreeRTOS_source/tasks.c", line 1901: remark #1535-D: (ULP 8.1) variable "uxSavedInterruptStatus" is used as a constant. Recommend declaring variable as either 'static const' or 'const'
"../FreeRTOS_source/tasks.c", line 2301: remark #1535-D: (ULP 8.1) variable "uxSavedInterruptStatus" is used as a constant. Recommend declaring variable as either 'static const' or 'const'
"../FreeRTOS_source/tasks.c", line 3549: remark #1544-D: (ULP 13.1) Detected loop counting up. Recommend loops count down as detecting zeros is easier
"../FreeRTOS_source/tasks.c", line 4832: remark #1535-D: (ULP 8.1) variable "uxSavedInterruptStatus" is used as a constant. Recommend declaring variable as either 'static const' or 'const'
"../FreeRTOS_source/tasks.c", line 4960: remark #1535-D: (ULP 8.1) variable "uxSavedInterruptStatus" is used as a constant. Recommend declaring variable as either 'static const' or 'const'
"../FreeRTOS_source/tasks.c", line 341: remark #1534-D: (ULP 7.1) Detected use of global variable "xDelayedTaskList1" within one function "prvInitialiseTaskLists". Recommend placing variable in the function locally
"../FreeRTOS_source/tasks.c", line 342: remark #1534-D: (ULP 7.1) Detected use of global variable "xDelayedTaskList2" within one function "prvInitialiseTaskLists". Recommend placing variable in the function locally
"../FreeRTOS_source/tasks.c", line 374: remark #1534-D: (ULP 7.1) Detected use of global variable "uxTaskNumber" within one function "prvAddNewTaskToReadyList". Recommend placing variable in the function locally
"../FreeRTOS_source/tasks.c", line 376: remark #1534-D: (ULP 7.1) Detected use of global variable "xIdleTaskHandle" within one function "vTaskStartScheduler". Recommend placing variable in the function locally
Finished building: "../FreeRTOS_source/tasks.c"
 
Building target: "SRV_Projekat.out"
Invoking: MSP430 Linker
"C:/ti/ccs1110/ccs/tools/compiler/ti-cgt-msp430_21.6.0.LTS/bin/cl430" -vmspx --data_model=restricted --use_hw_mpy=F5 --advice:power="all" --define=__MSP430F5529__ -g --printf_support=minimal --diag_warning=225 --diag_wrap=off --display_error_number --silicon_errata=CPU21 --silicon_errata=CPU22 --silicon_errata=CPU23 --silicon_errata=CPU40 -z -m"SRV_Projekat.map" --heap_size=160 --stack_size=160 --cinit_hold_wdt=on -i"C:/ti/ccs1110/ccs/ccs_base/msp430/include" -i"C:/Users/Mladen/Downloads/MSP430_FreeRTOS-master (1)/MSP430_FreeRTOS-master/common/ETF5529_HAL" -i"C:/ti/ccs1110/ccs/ccs_base/msp430/lib/5xx_6xx_FRxx" -i"C:/ti/ccs1110/ccs/tools/compiler/ti-cgt-msp430_21.6.0.LTS/lib" -i"C:/ti/ccs1110/ccs/tools/compiler/ti-cgt-msp430_21.6.0.LTS/include" --reread_libs --diag_wrap=off --display_error_number --warn_sections --xml_link_info="SRV_Projekat_linkInfo.xml" --use_hw_mpy=F5 --rom_model -o "SRV_Projekat.out" "./main.obj" "./util.obj" "./ETF5529_HAL/hal_7seg.obj" "./ETF5529_HAL/hal_board.obj" "./ETF5529_HAL/hal_led.obj" "./FreeRTOS_source/event_groups.obj" "./FreeRTOS_source/list.obj" "./FreeRTOS_source/queue.obj" "./FreeRTOS_source/tasks.obj" "./FreeRTOS_source/timers.obj" "./FreeRTOS_source/portable/CCS/MSP430X/port.obj" "./FreeRTOS_source/portable/CCS/MSP430X/portext.obj" "./FreeRTOS_source/portable/MemMang/heap_1.obj" "./drivers/MSP430F5xx_6xx/pmm.obj" "./drivers/MSP430F5xx_6xx/ucs.obj" "../lnk_msp430f5529.cmd"  -llibmath.a -llibc.a 
<Linking>
Finished building target: "SRV_Projekat.out"
 

**** Build Finished ****
